[08-Dec-2017 20:24:11 UTC] PHP Fatal error:  Uncaught exception 'PDOException' with message 'SQLSTATE[HY093]: Invalid parameter number: number of bound variables does not match number of tokens' in /home/ubuntu/workspace/cs336/cst336/zamoraProject/addBook.php:45
Stack trace:
#0 /home/ubuntu/workspace/cs336/cst336/zamoraProject/addBook.php(45): PDOStatement->execute(Array)
#1 {main}
  thrown in /home/ubuntu/workspace/cs336/cst336/zamoraProject/addBook.php on line 45
[08-Dec-2017 20:26:13 UTC] PHP Fatal error:  Uncaught exception 'PDOException' with message 'SQLSTATE[HY093]: Invalid parameter number: number of bound variables does not match number of tokens' in /home/ubuntu/workspace/cs336/cst336/zamoraProject/addBook.php:45
Stack trace:
#0 /home/ubuntu/workspace/cs336/cst336/zamoraProject/addBook.php(45): PDOStatement->execute(Array)
#1 {main}
  thrown in /home/ubuntu/workspace/cs336/cst336/zamoraProject/addBook.php on line 45
[08-Dec-2017 20:29:17 UTC] PHP Fatal error:  Uncaught exception 'PDOException' with message 'SQLSTATE[HY093]: Invalid parameter number: number of bound variables does not match number of tokens' in /home/ubuntu/workspace/cs336/cst336/zamoraProject/addBook.php:45
Stack trace:
#0 /home/ubuntu/workspace/cs336/cst336/zamoraProject/addBook.php(45): PDOStatement->execute(Array)
#1 {main}
  thrown in /home/ubuntu/workspace/cs336/cst336/zamoraProject/addBook.php on line 45
[08-Dec-2017 20:30:07 UTC] PHP Fatal error:  Uncaught exception 'PDOException' with message 'SQLSTATE[HY093]: Invalid parameter number: number of bound variables does not match number of tokens' in /home/ubuntu/workspace/cs336/cst336/zamoraProject/addBook.php:45
Stack trace:
#0 /home/ubuntu/workspace/cs336/cst336/zamoraProject/addBook.php(45): PDOStatement->execute(Array)
#1 {main}
  thrown in /home/ubuntu/workspace/cs336/cst336/zamoraProject/addBook.php on line 45
