[06-Sep-2017 20:39:39 UTC] PHP Parse error:  syntax error, unexpected '}', expecting ',' or ';' in /home/ubuntu/workspace/cst336/Labs/lab2/index.php on line 26
[06-Sep-2017 20:45:44 UTC] PHP Parse error:  syntax error, unexpected '$randomVal1' (T_VARIABLE), expecting ',' or ';' in /home/ubuntu/workspace/cst336/Labs/lab2/index.php on line 37
[08-Sep-2017 19:23:58 UTC] PHP Parse error:  syntax error, unexpected '$randomVal1' (T_VARIABLE), expecting ',' or ';' in /home/ubuntu/workspace/cst336/Labs/lab2/index.php on line 37
[08-Sep-2017 19:49:27 UTC] PHP Warning:  Unterminated comment starting line 67 in /home/ubuntu/workspace/cst336/Labs/lab2/index.php on line 67
[11-Sep-2017 03:02:01 UTC] PHP Parse error:  syntax error, unexpected '}' in /home/ubuntu/workspace/cst336/Labs/lab2/index.php on line 35
[11-Sep-2017 03:02:30 UTC] PHP Fatal error:  Call to undefined function displaySymbol() in /home/ubuntu/workspace/cst336/Labs/lab2/index.php on line 12
[11-Sep-2017 03:02:30 UTC] PHP Stack trace:
[11-Sep-2017 03:02:30 UTC] PHP   1. {main}() /home/ubuntu/workspace/cst336/Labs/lab2/index.php:0
[11-Sep-2017 03:39:59 UTC] PHP Parse error:  syntax error, unexpected '$i' (T_VARIABLE) in /home/ubuntu/workspace/cst336/Labs/lab2/inc/functions.php on line 48
[11-Sep-2017 03:39:59 UTC] PHP Stack trace:
[11-Sep-2017 03:39:59 UTC] PHP   1. {main}() /home/ubuntu/workspace/cst336/Labs/lab2/index.php:0
[11-Sep-2017 04:05:34 UTC] PHP Warning:  Missing argument 4 for displayPoints(), called in /home/ubuntu/workspace/cst336/Labs/lab2/inc/functions.php on line 53 and defined in /home/ubuntu/workspace/cst336/Labs/lab2/inc/functions.php on line 24
[11-Sep-2017 04:05:34 UTC] PHP Stack trace:
[11-Sep-2017 04:05:34 UTC] PHP   1. {main}() /home/ubuntu/workspace/cst336/Labs/lab2/index.php:0
[11-Sep-2017 04:05:34 UTC] PHP   2. play() /home/ubuntu/workspace/cst336/Labs/lab2/index.php:21
[11-Sep-2017 04:05:34 UTC] PHP   3. displayPoints() /home/ubuntu/workspace/cst336/Labs/lab2/inc/functions.php:53
[27-Sep-2017 08:11:30 UTC] PHP Parse error:  syntax error, unexpected '<' in /home/ubuntu/workspace/cst336/Labs/lab4/index.php on line 28
[29-Sep-2017 19:59:52 UTC] PHP Warning:  curl_error(): 2 is not a valid cURL handle resource in /home/ubuntu/workspace/cst336/Labs/lab4/api/pixabayAPI.php on line 32
[29-Sep-2017 19:59:52 UTC] PHP Stack trace:
[29-Sep-2017 19:59:52 UTC] PHP   1. {main}() /home/ubuntu/workspace/cst336/Labs/lab4/index.php:0
[29-Sep-2017 19:59:52 UTC] PHP   2. getImageURLs() /home/ubuntu/workspace/cst336/Labs/lab4/index.php:19
[29-Sep-2017 19:59:52 UTC] PHP   3. curl_error() /home/ubuntu/workspace/cst336/Labs/lab4/api/pixabayAPI.php:32
[29-Sep-2017 19:59:52 UTC] PHP Warning:  curl_close(): 2 is not a valid cURL handle resource in /home/ubuntu/workspace/cst336/Labs/lab4/api/pixabayAPI.php on line 33
[29-Sep-2017 19:59:52 UTC] PHP Stack trace:
[29-Sep-2017 19:59:52 UTC] PHP   1. {main}() /home/ubuntu/workspace/cst336/Labs/lab4/index.php:0
[29-Sep-2017 19:59:52 UTC] PHP   2. getImageURLs() /home/ubuntu/workspace/cst336/Labs/lab4/index.php:19
[29-Sep-2017 19:59:52 UTC] PHP   3. curl_close() /home/ubuntu/workspace/cst336/Labs/lab4/api/pixabayAPI.php:33
[29-Sep-2017 19:59:52 UTC] PHP Warning:  array_rand() expects parameter 1 to be array, null given in /home/ubuntu/workspace/cst336/Labs/lab4/index.php on line 26
[29-Sep-2017 19:59:52 UTC] PHP Stack trace:
[29-Sep-2017 19:59:52 UTC] PHP   1. {main}() /home/ubuntu/workspace/cst336/Labs/lab4/index.php:0
[29-Sep-2017 19:59:52 UTC] PHP   2. array_rand() /home/ubuntu/workspace/cst336/Labs/lab4/index.php:26
[29-Sep-2017 19:59:53 UTC] PHP Warning:  curl_error(): 1 is not a valid cURL handle resource in /home/ubuntu/workspace/cst336/Labs/lab4/api/pixabayAPI.php on line 32
[29-Sep-2017 19:59:53 UTC] PHP Stack trace:
[29-Sep-2017 19:59:53 UTC] PHP   1. {main}() /home/ubuntu/workspace/cst336/Labs/lab4/index.php:0
[29-Sep-2017 19:59:53 UTC] PHP   2. getImageURLs() /home/ubuntu/workspace/cst336/Labs/lab4/index.php:19
[29-Sep-2017 19:59:53 UTC] PHP   3. curl_error() /home/ubuntu/workspace/cst336/Labs/lab4/api/pixabayAPI.php:32
[29-Sep-2017 19:59:53 UTC] PHP Warning:  curl_close(): 1 is not a valid cURL handle resource in /home/ubuntu/workspace/cst336/Labs/lab4/api/pixabayAPI.php on line 33
[29-Sep-2017 19:59:53 UTC] PHP Stack trace:
[29-Sep-2017 19:59:53 UTC] PHP   1. {main}() /home/ubuntu/workspace/cst336/Labs/lab4/index.php:0
[29-Sep-2017 19:59:53 UTC] PHP   2. getImageURLs() /home/ubuntu/workspace/cst336/Labs/lab4/index.php:19
[29-Sep-2017 19:59:53 UTC] PHP   3. curl_close() /home/ubuntu/workspace/cst336/Labs/lab4/api/pixabayAPI.php:33
[29-Sep-2017 19:59:53 UTC] PHP Warning:  array_rand() expects parameter 1 to be array, null given in /home/ubuntu/workspace/cst336/Labs/lab4/index.php on line 26
[29-Sep-2017 19:59:53 UTC] PHP Stack trace:
[29-Sep-2017 19:59:53 UTC] PHP   1. {main}() /home/ubuntu/workspace/cst336/Labs/lab4/index.php:0
[29-Sep-2017 19:59:53 UTC] PHP   2. array_rand() /home/ubuntu/workspace/cst336/Labs/lab4/index.php:26
[29-Sep-2017 20:01:44 UTC] PHP Parse error:  syntax error, unexpected end of file in /home/ubuntu/workspace/cst336/Labs/lab4/api/pixabayAPI.php on line 53
[29-Sep-2017 20:01:44 UTC] PHP Stack trace:
[29-Sep-2017 20:01:44 UTC] PHP   1. {main}() /home/ubuntu/workspace/cst336/Labs/lab4/index.php:0
[29-Sep-2017 20:04:01 UTC] PHP Warning:  curl_error(): 2 is not a valid cURL handle resource in /home/ubuntu/workspace/cst336/Labs/lab4/api/pixabayAPI.php on line 33
[29-Sep-2017 20:04:01 UTC] PHP Stack trace:
[29-Sep-2017 20:04:01 UTC] PHP   1. {main}() /home/ubuntu/workspace/cst336/Labs/lab4/index.php:0
[29-Sep-2017 20:04:01 UTC] PHP   2. getImageURLs() /home/ubuntu/workspace/cst336/Labs/lab4/index.php:23
[29-Sep-2017 20:04:01 UTC] PHP   3. curl_error() /home/ubuntu/workspace/cst336/Labs/lab4/api/pixabayAPI.php:33
[29-Sep-2017 20:04:01 UTC] PHP Warning:  curl_close(): 2 is not a valid cURL handle resource in /home/ubuntu/workspace/cst336/Labs/lab4/api/pixabayAPI.php on line 34
[29-Sep-2017 20:04:01 UTC] PHP Stack trace:
[29-Sep-2017 20:04:01 UTC] PHP   1. {main}() /home/ubuntu/workspace/cst336/Labs/lab4/index.php:0
[29-Sep-2017 20:04:01 UTC] PHP   2. getImageURLs() /home/ubuntu/workspace/cst336/Labs/lab4/index.php:23
[29-Sep-2017 20:04:01 UTC] PHP   3. curl_close() /home/ubuntu/workspace/cst336/Labs/lab4/api/pixabayAPI.php:34
[29-Sep-2017 20:04:01 UTC] PHP Warning:  array_rand() expects parameter 1 to be array, null given in /home/ubuntu/workspace/cst336/Labs/lab4/index.php on line 27
[29-Sep-2017 20:04:01 UTC] PHP Stack trace:
[29-Sep-2017 20:04:01 UTC] PHP   1. {main}() /home/ubuntu/workspace/cst336/Labs/lab4/index.php:0
[29-Sep-2017 20:04:01 UTC] PHP   2. array_rand() /home/ubuntu/workspace/cst336/Labs/lab4/index.php:27
[29-Sep-2017 20:04:02 UTC] PHP Warning:  curl_error(): 1 is not a valid cURL handle resource in /home/ubuntu/workspace/cst336/Labs/lab4/api/pixabayAPI.php on line 33
[29-Sep-2017 20:04:02 UTC] PHP Stack trace:
[29-Sep-2017 20:04:02 UTC] PHP   1. {main}() /home/ubuntu/workspace/cst336/Labs/lab4/index.php:0
[29-Sep-2017 20:04:02 UTC] PHP   2. getImageURLs() /home/ubuntu/workspace/cst336/Labs/lab4/index.php:23
[29-Sep-2017 20:04:02 UTC] PHP   3. curl_error() /home/ubuntu/workspace/cst336/Labs/lab4/api/pixabayAPI.php:33
[29-Sep-2017 20:04:02 UTC] PHP Warning:  curl_close(): 1 is not a valid cURL handle resource in /home/ubuntu/workspace/cst336/Labs/lab4/api/pixabayAPI.php on line 34
[29-Sep-2017 20:04:02 UTC] PHP Stack trace:
[29-Sep-2017 20:04:02 UTC] PHP   1. {main}() /home/ubuntu/workspace/cst336/Labs/lab4/index.php:0
[29-Sep-2017 20:04:02 UTC] PHP   2. getImageURLs() /home/ubuntu/workspace/cst336/Labs/lab4/index.php:23
[29-Sep-2017 20:04:02 UTC] PHP   3. curl_close() /home/ubuntu/workspace/cst336/Labs/lab4/api/pixabayAPI.php:34
[29-Sep-2017 20:04:02 UTC] PHP Warning:  array_rand() expects parameter 1 to be array, null given in /home/ubuntu/workspace/cst336/Labs/lab4/index.php on line 27
[29-Sep-2017 20:04:02 UTC] PHP Stack trace:
[29-Sep-2017 20:04:02 UTC] PHP   1. {main}() /home/ubuntu/workspace/cst336/Labs/lab4/index.php:0
[29-Sep-2017 20:04:02 UTC] PHP   2. array_rand() /home/ubuntu/workspace/cst336/Labs/lab4/index.php:27
[29-Sep-2017 20:09:04 UTC] PHP Warning:  curl_error(): 2 is not a valid cURL handle resource in /home/ubuntu/workspace/cst336/Labs/lab4/api/pixabayAPI.php on line 33
[29-Sep-2017 20:09:04 UTC] PHP Stack trace:
[29-Sep-2017 20:09:04 UTC] PHP   1. {main}() /home/ubuntu/workspace/cst336/Labs/lab4/index.php:0
[29-Sep-2017 20:09:04 UTC] PHP   2. getImageURLs() /home/ubuntu/workspace/cst336/Labs/lab4/index.php:23
[29-Sep-2017 20:09:04 UTC] PHP   3. curl_error() /home/ubuntu/workspace/cst336/Labs/lab4/api/pixabayAPI.php:33
[29-Sep-2017 20:09:04 UTC] PHP Warning:  curl_close(): 2 is not a valid cURL handle resource in /home/ubuntu/workspace/cst336/Labs/lab4/api/pixabayAPI.php on line 34
[29-Sep-2017 20:09:04 UTC] PHP Stack trace:
[29-Sep-2017 20:09:04 UTC] PHP   1. {main}() /home/ubuntu/workspace/cst336/Labs/lab4/index.php:0
[29-Sep-2017 20:09:04 UTC] PHP   2. getImageURLs() /home/ubuntu/workspace/cst336/Labs/lab4/index.php:23
[29-Sep-2017 20:09:04 UTC] PHP   3. curl_close() /home/ubuntu/workspace/cst336/Labs/lab4/api/pixabayAPI.php:34
[29-Sep-2017 20:09:04 UTC] PHP Warning:  array_rand() expects parameter 1 to be array, null given in /home/ubuntu/workspace/cst336/Labs/lab4/index.php on line 27
[29-Sep-2017 20:09:04 UTC] PHP Stack trace:
[29-Sep-2017 20:09:04 UTC] PHP   1. {main}() /home/ubuntu/workspace/cst336/Labs/lab4/index.php:0
[29-Sep-2017 20:09:04 UTC] PHP   2. array_rand() /home/ubuntu/workspace/cst336/Labs/lab4/index.php:27
[29-Sep-2017 20:09:05 UTC] PHP Warning:  curl_error(): 1 is not a valid cURL handle resource in /home/ubuntu/workspace/cst336/Labs/lab4/api/pixabayAPI.php on line 33
[29-Sep-2017 20:09:05 UTC] PHP Stack trace:
[29-Sep-2017 20:09:05 UTC] PHP   1. {main}() /home/ubuntu/workspace/cst336/Labs/lab4/index.php:0
[29-Sep-2017 20:09:05 UTC] PHP   2. getImageURLs() /home/ubuntu/workspace/cst336/Labs/lab4/index.php:23
[29-Sep-2017 20:09:05 UTC] PHP   3. curl_error() /home/ubuntu/workspace/cst336/Labs/lab4/api/pixabayAPI.php:33
[29-Sep-2017 20:09:05 UTC] PHP Warning:  curl_close(): 1 is not a valid cURL handle resource in /home/ubuntu/workspace/cst336/Labs/lab4/api/pixabayAPI.php on line 34
[29-Sep-2017 20:09:05 UTC] PHP Stack trace:
[29-Sep-2017 20:09:05 UTC] PHP   1. {main}() /home/ubuntu/workspace/cst336/Labs/lab4/index.php:0
[29-Sep-2017 20:09:05 UTC] PHP   2. getImageURLs() /home/ubuntu/workspace/cst336/Labs/lab4/index.php:23
[29-Sep-2017 20:09:05 UTC] PHP   3. curl_close() /home/ubuntu/workspace/cst336/Labs/lab4/api/pixabayAPI.php:34
[29-Sep-2017 20:09:05 UTC] PHP Warning:  array_rand() expects parameter 1 to be array, null given in /home/ubuntu/workspace/cst336/Labs/lab4/index.php on line 27
[29-Sep-2017 20:09:05 UTC] PHP Stack trace:
[29-Sep-2017 20:09:05 UTC] PHP   1. {main}() /home/ubuntu/workspace/cst336/Labs/lab4/index.php:0
[29-Sep-2017 20:09:05 UTC] PHP   2. array_rand() /home/ubuntu/workspace/cst336/Labs/lab4/index.php:27
[29-Sep-2017 20:09:56 UTC] PHP Warning:  curl_error(): 2 is not a valid cURL handle resource in /home/ubuntu/workspace/cst336/Labs/lab4/api/pixabayAPI.php on line 33
[29-Sep-2017 20:09:56 UTC] PHP Stack trace:
[29-Sep-2017 20:09:56 UTC] PHP   1. {main}() /home/ubuntu/workspace/cst336/Labs/lab4/index.php:0
[29-Sep-2017 20:09:56 UTC] PHP   2. getImageURLs() /home/ubuntu/workspace/cst336/Labs/lab4/index.php:23
[29-Sep-2017 20:09:56 UTC] PHP   3. curl_error() /home/ubuntu/workspace/cst336/Labs/lab4/api/pixabayAPI.php:33
[29-Sep-2017 20:09:56 UTC] PHP Warning:  curl_close(): 2 is not a valid cURL handle resource in /home/ubuntu/workspace/cst336/Labs/lab4/api/pixabayAPI.php on line 34
[29-Sep-2017 20:09:56 UTC] PHP Stack trace:
[29-Sep-2017 20:09:56 UTC] PHP   1. {main}() /home/ubuntu/workspace/cst336/Labs/lab4/index.php:0
[29-Sep-2017 20:09:56 UTC] PHP   2. getImageURLs() /home/ubuntu/workspace/cst336/Labs/lab4/index.php:23
[29-Sep-2017 20:09:56 UTC] PHP   3. curl_close() /home/ubuntu/workspace/cst336/Labs/lab4/api/pixabayAPI.php:34
[29-Sep-2017 20:09:56 UTC] PHP Warning:  array_rand() expects parameter 1 to be array, null given in /home/ubuntu/workspace/cst336/Labs/lab4/index.php on line 27
[29-Sep-2017 20:09:56 UTC] PHP Stack trace:
[29-Sep-2017 20:09:56 UTC] PHP   1. {main}() /home/ubuntu/workspace/cst336/Labs/lab4/index.php:0
[29-Sep-2017 20:09:56 UTC] PHP   2. array_rand() /home/ubuntu/workspace/cst336/Labs/lab4/index.php:27
[29-Sep-2017 20:09:56 UTC] PHP Warning:  curl_error(): 1 is not a valid cURL handle resource in /home/ubuntu/workspace/cst336/Labs/lab4/api/pixabayAPI.php on line 33
[29-Sep-2017 20:09:56 UTC] PHP Stack trace:
[29-Sep-2017 20:09:56 UTC] PHP   1. {main}() /home/ubuntu/workspace/cst336/Labs/lab4/index.php:0
[29-Sep-2017 20:09:56 UTC] PHP   2. getImageURLs() /home/ubuntu/workspace/cst336/Labs/lab4/index.php:23
[29-Sep-2017 20:09:56 UTC] PHP   3. curl_error() /home/ubuntu/workspace/cst336/Labs/lab4/api/pixabayAPI.php:33
[29-Sep-2017 20:09:56 UTC] PHP Warning:  curl_close(): 1 is not a valid cURL handle resource in /home/ubuntu/workspace/cst336/Labs/lab4/api/pixabayAPI.php on line 34
[29-Sep-2017 20:09:56 UTC] PHP Stack trace:
[29-Sep-2017 20:09:56 UTC] PHP   1. {main}() /home/ubuntu/workspace/cst336/Labs/lab4/index.php:0
[29-Sep-2017 20:09:56 UTC] PHP   2. getImageURLs() /home/ubuntu/workspace/cst336/Labs/lab4/index.php:23
[29-Sep-2017 20:09:56 UTC] PHP   3. curl_close() /home/ubuntu/workspace/cst336/Labs/lab4/api/pixabayAPI.php:34
[29-Sep-2017 20:09:56 UTC] PHP Warning:  array_rand() expects parameter 1 to be array, null given in /home/ubuntu/workspace/cst336/Labs/lab4/index.php on line 27
[29-Sep-2017 20:09:56 UTC] PHP Stack trace:
[29-Sep-2017 20:09:56 UTC] PHP   1. {main}() /home/ubuntu/workspace/cst336/Labs/lab4/index.php:0
[29-Sep-2017 20:09:56 UTC] PHP   2. array_rand() /home/ubuntu/workspace/cst336/Labs/lab4/index.php:27
[29-Sep-2017 20:10:02 UTC] PHP Warning:  curl_error(): 1 is not a valid cURL handle resource in /home/ubuntu/workspace/cst336/Labs/lab4/api/pixabayAPI.php on line 33
[29-Sep-2017 20:10:02 UTC] PHP Stack trace:
[29-Sep-2017 20:10:02 UTC] PHP   1. {main}() /home/ubuntu/workspace/cst336/Labs/lab4/index.php:0
[29-Sep-2017 20:10:02 UTC] PHP   2. getImageURLs() /home/ubuntu/workspace/cst336/Labs/lab4/index.php:23
[29-Sep-2017 20:10:02 UTC] PHP   3. curl_error() /home/ubuntu/workspace/cst336/Labs/lab4/api/pixabayAPI.php:33
[29-Sep-2017 20:10:02 UTC] PHP Warning:  curl_close(): 1 is not a valid cURL handle resource in /home/ubuntu/workspace/cst336/Labs/lab4/api/pixabayAPI.php on line 34
[29-Sep-2017 20:10:02 UTC] PHP Stack trace:
[29-Sep-2017 20:10:02 UTC] PHP   1. {main}() /home/ubuntu/workspace/cst336/Labs/lab4/index.php:0
[29-Sep-2017 20:10:02 UTC] PHP   2. getImageURLs() /home/ubuntu/workspace/cst336/Labs/lab4/index.php:23
[29-Sep-2017 20:10:02 UTC] PHP   3. curl_close() /home/ubuntu/workspace/cst336/Labs/lab4/api/pixabayAPI.php:34
[29-Sep-2017 20:10:02 UTC] PHP Warning:  array_rand() expects parameter 1 to be array, null given in /home/ubuntu/workspace/cst336/Labs/lab4/index.php on line 27
[29-Sep-2017 20:10:02 UTC] PHP Stack trace:
[29-Sep-2017 20:10:02 UTC] PHP   1. {main}() /home/ubuntu/workspace/cst336/Labs/lab4/index.php:0
[29-Sep-2017 20:10:02 UTC] PHP   2. array_rand() /home/ubuntu/workspace/cst336/Labs/lab4/index.php:27
[29-Sep-2017 20:10:02 UTC] PHP Warning:  curl_error(): 1 is not a valid cURL handle resource in /home/ubuntu/workspace/cst336/Labs/lab4/api/pixabayAPI.php on line 33
[29-Sep-2017 20:10:02 UTC] PHP Stack trace:
[29-Sep-2017 20:10:02 UTC] PHP   1. {main}() /home/ubuntu/workspace/cst336/Labs/lab4/index.php:0
[29-Sep-2017 20:10:02 UTC] PHP   2. getImageURLs() /home/ubuntu/workspace/cst336/Labs/lab4/index.php:23
[29-Sep-2017 20:10:02 UTC] PHP   3. curl_error() /home/ubuntu/workspace/cst336/Labs/lab4/api/pixabayAPI.php:33
[29-Sep-2017 20:10:02 UTC] PHP Warning:  curl_close(): 1 is not a valid cURL handle resource in /home/ubuntu/workspace/cst336/Labs/lab4/api/pixabayAPI.php on line 34
[29-Sep-2017 20:10:02 UTC] PHP Stack trace:
[29-Sep-2017 20:10:02 UTC] PHP   1. {main}() /home/ubuntu/workspace/cst336/Labs/lab4/index.php:0
[29-Sep-2017 20:10:02 UTC] PHP   2. getImageURLs() /home/ubuntu/workspace/cst336/Labs/lab4/index.php:23
[29-Sep-2017 20:10:02 UTC] PHP   3. curl_close() /home/ubuntu/workspace/cst336/Labs/lab4/api/pixabayAPI.php:34
[29-Sep-2017 20:10:02 UTC] PHP Warning:  array_rand() expects parameter 1 to be array, null given in /home/ubuntu/workspace/cst336/Labs/lab4/index.php on line 27
[29-Sep-2017 20:10:02 UTC] PHP Stack trace:
[29-Sep-2017 20:10:02 UTC] PHP   1. {main}() /home/ubuntu/workspace/cst336/Labs/lab4/index.php:0
[29-Sep-2017 20:10:02 UTC] PHP   2. array_rand() /home/ubuntu/workspace/cst336/Labs/lab4/index.php:27
[29-Sep-2017 20:10:03 UTC] PHP Warning:  curl_error(): 1 is not a valid cURL handle resource in /home/ubuntu/workspace/cst336/Labs/lab4/api/pixabayAPI.php on line 33
[29-Sep-2017 20:10:03 UTC] PHP Stack trace:
[29-Sep-2017 20:10:03 UTC] PHP   1. {main}() /home/ubuntu/workspace/cst336/Labs/lab4/index.php:0
[29-Sep-2017 20:10:03 UTC] PHP   2. getImageURLs() /home/ubuntu/workspace/cst336/Labs/lab4/index.php:23
[29-Sep-2017 20:10:03 UTC] PHP   3. curl_error() /home/ubuntu/workspace/cst336/Labs/lab4/api/pixabayAPI.php:33
[29-Sep-2017 20:10:03 UTC] PHP Warning:  curl_close(): 1 is not a valid cURL handle resource in /home/ubuntu/workspace/cst336/Labs/lab4/api/pixabayAPI.php on line 34
[29-Sep-2017 20:10:03 UTC] PHP Stack trace:
[29-Sep-2017 20:10:03 UTC] PHP   1. {main}() /home/ubuntu/workspace/cst336/Labs/lab4/index.php:0
[29-Sep-2017 20:10:03 UTC] PHP   2. getImageURLs() /home/ubuntu/workspace/cst336/Labs/lab4/index.php:23
[29-Sep-2017 20:10:03 UTC] PHP   3. curl_close() /home/ubuntu/workspace/cst336/Labs/lab4/api/pixabayAPI.php:34
[29-Sep-2017 20:10:03 UTC] PHP Warning:  array_rand() expects parameter 1 to be array, null given in /home/ubuntu/workspace/cst336/Labs/lab4/index.php on line 27
[29-Sep-2017 20:10:03 UTC] PHP Stack trace:
[29-Sep-2017 20:10:03 UTC] PHP   1. {main}() /home/ubuntu/workspace/cst336/Labs/lab4/index.php:0
[29-Sep-2017 20:10:03 UTC] PHP   2. array_rand() /home/ubuntu/workspace/cst336/Labs/lab4/index.php:27
